warning: `VIRTUAL_ENV=/openhands/poetry/openhands-ai-5O4_aCHf-py3.12` does not match the project environment path `.venv` and will be ignored; use `--active` to target the active environment instead
[W 2025-08-27 16:18:30.153 ServerApp] ServerApp.token config is deprecated in 2.0. Use IdentityProvider.token.
[I 2025-08-27 16:18:30.215 ServerApp] jupyter_lsp | extension was successfully linked.
[I 2025-08-27 16:18:30.218 ServerApp] jupyter_server_terminals | extension was successfully linked.
[W 2025-08-27 16:18:30.220 LabApp] 'token' has moved from NotebookApp to ServerApp. This config will be passed to ServerApp. Be sure to update your config before our next release.
[W 2025-08-27 16:18:30.220 LabApp] 'password' has moved from NotebookApp to ServerApp. This config will be passed to ServerApp. Be sure to update your config before our next release.
[I 2025-08-27 16:18:30.223 ServerApp] jupyterlab | extension was successfully linked.
[I 2025-08-27 16:18:31.122 ServerApp] notebook_shim | extension was successfully linked.
[W 2025-08-27 16:18:31.154 ServerApp] All authentication is disabled.  Anyone who can connect to this server will be able to run code.
[I 2025-08-27 16:18:31.155 ServerApp] notebook_shim | extension was successfully loaded.
[I 2025-08-27 16:18:31.157 ServerApp] jupyter_lsp | extension was successfully loaded.
[I 2025-08-27 16:18:31.157 ServerApp] jupyter_server_terminals | extension was successfully loaded.
[I 2025-08-27 16:18:31.159 LabApp] JupyterLab extension loaded from /workspace/gita-tools/data-prep/.venv/lib/python3.12/site-packages/jupyterlab
[I 2025-08-27 16:18:31.159 LabApp] JupyterLab application directory is /workspace/gita-tools/data-prep/.venv/share/jupyter/lab
[I 2025-08-27 16:18:31.160 LabApp] Extension Manager is 'pypi'.
[I 2025-08-27 16:18:31.244 ServerApp] jupyterlab | extension was successfully loaded.
[I 2025-08-27 16:18:31.245 ServerApp] Serving notebooks from local directory: /workspace/gita-tools/data-prep
[I 2025-08-27 16:18:31.245 ServerApp] Jupyter Server 2.17.0 is running at:
[I 2025-08-27 16:18:31.245 ServerApp] http://3ee37730c13e:50809/lab
[I 2025-08-27 16:18:31.245 ServerApp]     http://127.0.0.1:50809/lab
[I 2025-08-27 16:18:31.245 ServerApp] Use Control-C to stop this server and shut down all kernels (twice to skip confirmation).
[I 2025-08-27 16:18:31.359 ServerApp] Skipped non-installed server(s): bash-language-server, dockerfile-language-server-nodejs, javascript-typescript-langserver, jedi-language-server, julia-language-server, pyright, python-language-server, python-lsp-server, r-languageserver, sql-language-server, texlab, typescript-language-server, unified-language-server, vscode-css-languageserver-bin, vscode-html-languageserver-bin, vscode-json-languageserver-bin, yaml-language-server
[I 2025-08-27 16:19:31.278 LabApp] Build is up to date
[I 2025-08-27 16:20:25.005 LabApp] Build is up to date
[I 2025-08-27 16:20:35.368 ServerApp] Writing notebook-signing key to /root/.local/share/jupyter/notebook_secret
[W 2025-08-27 16:20:35.369 ServerApp] Notebook gita_data_exploration.ipynb is not trusted
[I 2025-08-27 16:20:35.851 ServerApp] Kernel started: 7d74cbab-ab14-496b-9ee5-aeefdab6d619
[I 2025-08-27 16:20:36.651 ServerApp] Connecting to kernel 7d74cbab-ab14-496b-9ee5-aeefdab6d619.
[W 2025-08-27 16:20:36.652 ServerApp] The websocket_ping_timeout (90000) cannot be longer than the websocket_ping_interval (30000).
    Setting websocket_ping_timeout=30000
[I 2025-08-27 16:20:36.662 ServerApp] Starting buffering for 7d74cbab-ab14-496b-9ee5-aeefdab6d619:6f2b7a89-ad1f-4473-851a-e602b93ac85a
[I 2025-08-27 16:20:36.669 ServerApp] Connecting to kernel 7d74cbab-ab14-496b-9ee5-aeefdab6d619.
[I 2025-08-27 16:20:36.687 ServerApp] Connecting to kernel 7d74cbab-ab14-496b-9ee5-aeefdab6d619.
[I 2025-08-27 16:20:40.772 ServerApp] Connecting to kernel 7d74cbab-ab14-496b-9ee5-aeefdab6d619.
[W 2025-08-27 16:20:43.655 ServerApp] Notebook gita_data_exploration.ipynb is not trusted
[I 2025-08-27 16:20:44.028 ServerApp] Connecting to kernel 7d74cbab-ab14-496b-9ee5-aeefdab6d619.
[I 2025-08-27 16:21:29.393 ServerApp] Saving file at /gita_data_exploration.ipynb
[I 2025-08-27 16:23:12.916 ServerApp] Saving file at /gita_data_exploration.ipynb
